<?xml version="1.0" encoding="UTF-8"?>
<testng-results ignored="0" total="2" passed="2" failed="0" skipped="0">
  <reporter-output>
  </reporter-output>
  <suite started-at="2024-08-02T23:18:08 IST" name="Command line suite" finished-at="2024-08-02T23:18:54 IST" duration-ms="46598">
    <groups>
    </groups>
    <test started-at="2024-08-02T23:18:08 IST" name="Command line test" finished-at="2024-08-02T23:18:54 IST" duration-ms="46598">
      <class name="com.ShopperStack_TestScripts.Verify_user_is_able_to_delete_address_or_not_Test">
        <test-method is-config="true" signature="beforeClass()[pri:0, instance:com.ShopperStack_TestScripts.Verify_user_is_able_to_delete_address_or_not_Test@757277dc]" started-at="2024-08-02T23:18:31 IST" name="beforeClass" finished-at="2024-08-02T23:18:34 IST" duration-ms="3469" status="PASS">
          <reporter-output>
          </reporter-output>
        </test-method> <!-- beforeClass -->
        <test-method is-config="true" signature="beforeMethod()[pri:0, instance:com.ShopperStack_TestScripts.Verify_user_is_able_to_delete_address_or_not_Test@757277dc]" started-at="2024-08-02T23:18:34 IST" name="beforeMethod" finished-at="2024-08-02T23:18:42 IST" duration-ms="7290" status="PASS">
          <reporter-output>
          </reporter-output>
        </test-method> <!-- beforeMethod -->
        <test-method signature="deleteAddress()[pri:0, instance:com.ShopperStack_TestScripts.Verify_user_is_able_to_delete_address_or_not_Test@757277dc]" started-at="2024-08-02T23:18:42 IST" name="deleteAddress" finished-at="2024-08-02T23:18:47 IST" duration-ms="5678" status="PASS">
          <reporter-output>
          </reporter-output>
        </test-method> <!-- deleteAddress -->
        <test-method is-config="true" signature="afterMethod()[pri:0, instance:com.ShopperStack_TestScripts.Verify_user_is_able_to_delete_address_or_not_Test@757277dc]" started-at="2024-08-02T23:18:47 IST" name="afterMethod" finished-at="2024-08-02T23:18:50 IST" duration-ms="3244" status="PASS">
          <reporter-output>
          </reporter-output>
        </test-method> <!-- afterMethod -->
        <test-method is-config="true" signature="afterClass()[pri:0, instance:com.ShopperStack_TestScripts.Verify_user_is_able_to_delete_address_or_not_Test@757277dc]" started-at="2024-08-02T23:18:50 IST" name="afterClass" finished-at="2024-08-02T23:18:54 IST" duration-ms="3256" status="PASS">
          <reporter-output>
          </reporter-output>
        </test-method> <!-- afterClass -->
      </class> <!-- com.ShopperStack_TestScripts.Verify_user_is_able_to_delete_address_or_not_Test -->
      <class name="com.ShopperStack_TestScripts.Verify_user_is_able_to_Add_Address_or_not_Test">
        <test-method is-config="true" signature="beforeSuite()[pri:0, instance:com.ShopperStack_TestScripts.Verify_user_is_able_to_Add_Address_or_not_Test@561b6512]" started-at="2024-08-02T23:18:07 IST" name="beforeSuite" finished-at="2024-08-02T23:18:08 IST" duration-ms="15" status="PASS">
          <reporter-output>
          </reporter-output>
        </test-method> <!-- beforeSuite -->
        <test-method is-config="true" signature="beforeTest()[pri:0, instance:com.ShopperStack_TestScripts.Verify_user_is_able_to_Add_Address_or_not_Test@561b6512]" started-at="2024-08-02T23:18:08 IST" name="beforeTest" finished-at="2024-08-02T23:18:08 IST" duration-ms="334" status="PASS">
          <reporter-output>
          </reporter-output>
        </test-method> <!-- beforeTest -->
        <test-method is-config="true" signature="beforeClass()[pri:0, instance:com.ShopperStack_TestScripts.Verify_user_is_able_to_Add_Address_or_not_Test@561b6512]" started-at="2024-08-02T23:18:08 IST" name="beforeClass" finished-at="2024-08-02T23:18:13 IST" duration-ms="5206" status="PASS">
          <reporter-output>
          </reporter-output>
        </test-method> <!-- beforeClass -->
        <test-method is-config="true" signature="beforeMethod()[pri:0, instance:com.ShopperStack_TestScripts.Verify_user_is_able_to_Add_Address_or_not_Test@561b6512]" started-at="2024-08-02T23:18:13 IST" name="beforeMethod" finished-at="2024-08-02T23:18:21 IST" duration-ms="7444" status="PASS">
          <reporter-output>
          </reporter-output>
        </test-method> <!-- beforeMethod -->
        <test-method signature="addAddress()[pri:0, instance:com.ShopperStack_TestScripts.Verify_user_is_able_to_Add_Address_or_not_Test@561b6512]" started-at="2024-08-02T23:18:21 IST" name="addAddress" finished-at="2024-08-02T23:18:24 IST" duration-ms="3333" status="PASS">
          <reporter-output>
          </reporter-output>
        </test-method> <!-- addAddress -->
        <test-method is-config="true" signature="afterMethod()[pri:0, instance:com.ShopperStack_TestScripts.Verify_user_is_able_to_Add_Address_or_not_Test@561b6512]" started-at="2024-08-02T23:18:24 IST" name="afterMethod" finished-at="2024-08-02T23:18:28 IST" duration-ms="3642" status="PASS">
          <reporter-output>
          </reporter-output>
        </test-method> <!-- afterMethod -->
        <test-method is-config="true" signature="afterClass()[pri:0, instance:com.ShopperStack_TestScripts.Verify_user_is_able_to_Add_Address_or_not_Test@561b6512]" started-at="2024-08-02T23:18:28 IST" name="afterClass" finished-at="2024-08-02T23:18:31 IST" duration-ms="3275" status="PASS">
          <reporter-output>
          </reporter-output>
        </test-method> <!-- afterClass -->
        <test-method is-config="true" signature="afterTest()[pri:0, instance:com.ShopperStack_TestScripts.Verify_user_is_able_to_Add_Address_or_not_Test@561b6512]" started-at="2024-08-02T23:18:54 IST" name="afterTest" finished-at="2024-08-02T23:18:54 IST" duration-ms="356" status="PASS">
          <reporter-output>
          </reporter-output>
        </test-method> <!-- afterTest -->
        <test-method is-config="true" signature="afterSuite()[pri:0, instance:com.ShopperStack_TestScripts.Verify_user_is_able_to_Add_Address_or_not_Test@561b6512]" started-at="2024-08-02T23:18:54 IST" name="afterSuite" finished-at="2024-08-02T23:18:54 IST" duration-ms="0" status="PASS">
          <reporter-output>
          </reporter-output>
        </test-method> <!-- afterSuite -->
      </class> <!-- com.ShopperStack_TestScripts.Verify_user_is_able_to_Add_Address_or_not_Test -->
    </test> <!-- Command line test -->
  </suite> <!-- Command line suite -->
</testng-results>
