<?xml version="1.0" encoding="UTF-8"?>
<testng-results ignored="0" total="2" passed="2" failed="0" skipped="0">
  <reporter-output>
  </reporter-output>
  <suite started-at="2024-07-30T09:24:30 IST" name="Surefire suite" finished-at="2024-07-30T09:25:37 IST" duration-ms="67304">
    <groups>
    </groups>
    <test started-at="2024-07-30T09:24:30 IST" name="Surefire test" finished-at="2024-07-30T09:25:37 IST" duration-ms="67304">
      <class name="com.ShopperStack_TestScripts.Verify_user_is_able_to_delete_address_or_not_Test">
        <test-method is-config="true" signature="beforeClass()[pri:0, instance:com.ShopperStack_TestScripts.Verify_user_is_able_to_delete_address_or_not_Test@63021689]" started-at="2024-07-30T09:25:01 IST" name="beforeClass" finished-at="2024-07-30T09:25:06 IST" duration-ms="5140" status="PASS">
          <reporter-output>
          </reporter-output>
        </test-method> <!-- beforeClass -->
        <test-method is-config="true" signature="beforeMethod()[pri:0, instance:com.ShopperStack_TestScripts.Verify_user_is_able_to_delete_address_or_not_Test@63021689]" started-at="2024-07-30T09:25:06 IST" name="beforeMethod" finished-at="2024-07-30T09:25:24 IST" duration-ms="18054" status="PASS">
          <reporter-output>
          </reporter-output>
        </test-method> <!-- beforeMethod -->
        <test-method signature="deleteAddress()[pri:0, instance:com.ShopperStack_TestScripts.Verify_user_is_able_to_delete_address_or_not_Test@63021689]" started-at="2024-07-30T09:25:24 IST" name="deleteAddress" finished-at="2024-07-30T09:25:30 IST" duration-ms="6346" status="PASS">
          <reporter-output>
          </reporter-output>
        </test-method> <!-- deleteAddress -->
        <test-method is-config="true" signature="afterMethod()[pri:0, instance:com.ShopperStack_TestScripts.Verify_user_is_able_to_delete_address_or_not_Test@63021689]" started-at="2024-07-30T09:25:30 IST" name="afterMethod" finished-at="2024-07-30T09:25:34 IST" duration-ms="3238" status="PASS">
          <reporter-output>
          </reporter-output>
        </test-method> <!-- afterMethod -->
        <test-method is-config="true" signature="afterClass()[pri:0, instance:com.ShopperStack_TestScripts.Verify_user_is_able_to_delete_address_or_not_Test@63021689]" started-at="2024-07-30T09:25:34 IST" name="afterClass" finished-at="2024-07-30T09:25:37 IST" duration-ms="3187" status="PASS">
          <reporter-output>
          </reporter-output>
        </test-method> <!-- afterClass -->
      </class> <!-- com.ShopperStack_TestScripts.Verify_user_is_able_to_delete_address_or_not_Test -->
      <class name="com.ShopperStack_TestScripts.Verify_user_is_able_to_Add_Address_or_not_Test">
        <test-method is-config="true" signature="beforeSuite()[pri:0, instance:com.ShopperStack_TestScripts.Verify_user_is_able_to_Add_Address_or_not_Test@418e7838]" started-at="2024-07-30T09:24:30 IST" name="beforeSuite" finished-at="2024-07-30T09:24:30 IST" duration-ms="12" status="PASS">
          <reporter-output>
          </reporter-output>
        </test-method> <!-- beforeSuite -->
        <test-method is-config="true" signature="beforeTest()[pri:0, instance:com.ShopperStack_TestScripts.Verify_user_is_able_to_Add_Address_or_not_Test@418e7838]" started-at="2024-07-30T09:24:30 IST" name="beforeTest" finished-at="2024-07-30T09:24:30 IST" duration-ms="200" status="PASS">
          <reporter-output>
          </reporter-output>
        </test-method> <!-- beforeTest -->
        <test-method is-config="true" signature="beforeClass()[pri:0, instance:com.ShopperStack_TestScripts.Verify_user_is_able_to_Add_Address_or_not_Test@418e7838]" started-at="2024-07-30T09:24:30 IST" name="beforeClass" finished-at="2024-07-30T09:24:36 IST" duration-ms="6037" status="PASS">
          <reporter-output>
          </reporter-output>
        </test-method> <!-- beforeClass -->
        <test-method is-config="true" signature="beforeMethod()[pri:0, instance:com.ShopperStack_TestScripts.Verify_user_is_able_to_Add_Address_or_not_Test@418e7838]" started-at="2024-07-30T09:24:36 IST" name="beforeMethod" finished-at="2024-07-30T09:24:50 IST" duration-ms="14024" status="PASS">
          <reporter-output>
          </reporter-output>
        </test-method> <!-- beforeMethod -->
        <test-method signature="addAddress()[pri:0, instance:com.ShopperStack_TestScripts.Verify_user_is_able_to_Add_Address_or_not_Test@418e7838]" started-at="2024-07-30T09:24:50 IST" name="addAddress" finished-at="2024-07-30T09:24:54 IST" duration-ms="4120" status="PASS">
          <reporter-output>
          </reporter-output>
        </test-method> <!-- addAddress -->
        <test-method is-config="true" signature="afterMethod()[pri:0, instance:com.ShopperStack_TestScripts.Verify_user_is_able_to_Add_Address_or_not_Test@418e7838]" started-at="2024-07-30T09:24:54 IST" name="afterMethod" finished-at="2024-07-30T09:24:58 IST" duration-ms="3430" status="PASS">
          <reporter-output>
          </reporter-output>
        </test-method> <!-- afterMethod -->
        <test-method is-config="true" signature="afterClass()[pri:0, instance:com.ShopperStack_TestScripts.Verify_user_is_able_to_Add_Address_or_not_Test@418e7838]" started-at="2024-07-30T09:24:58 IST" name="afterClass" finished-at="2024-07-30T09:25:01 IST" duration-ms="3228" status="PASS">
          <reporter-output>
          </reporter-output>
        </test-method> <!-- afterClass -->
        <test-method is-config="true" signature="afterTest()[pri:0, instance:com.ShopperStack_TestScripts.Verify_user_is_able_to_Add_Address_or_not_Test@418e7838]" started-at="2024-07-30T09:25:37 IST" name="afterTest" finished-at="2024-07-30T09:25:37 IST" duration-ms="245" status="PASS">
          <reporter-output>
          </reporter-output>
        </test-method> <!-- afterTest -->
        <test-method is-config="true" signature="afterSuite()[pri:0, instance:com.ShopperStack_TestScripts.Verify_user_is_able_to_Add_Address_or_not_Test@418e7838]" started-at="2024-07-30T09:25:37 IST" name="afterSuite" finished-at="2024-07-30T09:25:37 IST" duration-ms="0" status="PASS">
          <reporter-output>
          </reporter-output>
        </test-method> <!-- afterSuite -->
      </class> <!-- com.ShopperStack_TestScripts.Verify_user_is_able_to_Add_Address_or_not_Test -->
    </test> <!-- Surefire test -->
  </suite> <!-- Surefire suite -->
</testng-results>
