<?xml version="1.0" encoding="UTF-8"?>
<testng-results ignored="0" total="1" passed="1" failed="0" skipped="0">
  <reporter-output>
  </reporter-output>
  <suite started-at="2024-08-02T12:35:08 IST" name="Default suite" finished-at="2024-08-02T12:35:39 IST" duration-ms="31065">
    <groups>
    </groups>
    <test started-at="2024-08-02T12:35:08 IST" name="Default test" finished-at="2024-08-02T12:35:39 IST" duration-ms="31065">
      <class name="com.ShopperStack_TestScripts.Verify_user_is_able_to_Add_Address_or_not_Test">
        <test-method is-config="true" signature="beforeSuite()[pri:0, instance:com.ShopperStack_TestScripts.Verify_user_is_able_to_Add_Address_or_not_Test@cb0755b]" started-at="2024-08-02T12:35:08 IST" name="beforeSuite" finished-at="2024-08-02T12:35:08 IST" duration-ms="10" status="PASS">
          <reporter-output>
          </reporter-output>
        </test-method> <!-- beforeSuite -->
        <test-method is-config="true" signature="beforeTest()[pri:0, instance:com.ShopperStack_TestScripts.Verify_user_is_able_to_Add_Address_or_not_Test@cb0755b]" started-at="2024-08-02T12:35:08 IST" name="beforeTest" finished-at="2024-08-02T12:35:09 IST" duration-ms="233" status="PASS">
          <reporter-output>
          </reporter-output>
        </test-method> <!-- beforeTest -->
        <test-method is-config="true" signature="beforeClass()[pri:0, instance:com.ShopperStack_TestScripts.Verify_user_is_able_to_Add_Address_or_not_Test@cb0755b]" started-at="2024-08-02T12:35:09 IST" name="beforeClass" finished-at="2024-08-02T12:35:14 IST" duration-ms="4839" status="PASS">
          <reporter-output>
          </reporter-output>
        </test-method> <!-- beforeClass -->
        <test-method is-config="true" signature="beforeMethod()[pri:0, instance:com.ShopperStack_TestScripts.Verify_user_is_able_to_Add_Address_or_not_Test@cb0755b]" started-at="2024-08-02T12:35:14 IST" name="beforeMethod" finished-at="2024-08-02T12:35:28 IST" duration-ms="14894" status="PASS">
          <reporter-output>
          </reporter-output>
        </test-method> <!-- beforeMethod -->
        <test-method signature="addAddress()[pri:0, instance:com.ShopperStack_TestScripts.Verify_user_is_able_to_Add_Address_or_not_Test@cb0755b]" started-at="2024-08-02T12:35:28 IST" name="addAddress" finished-at="2024-08-02T12:35:33 IST" duration-ms="4301" status="PASS">
          <reporter-output>
          </reporter-output>
        </test-method> <!-- addAddress -->
        <test-method is-config="true" signature="afterMethod()[pri:0, instance:com.ShopperStack_TestScripts.Verify_user_is_able_to_Add_Address_or_not_Test@cb0755b]" started-at="2024-08-02T12:35:33 IST" name="afterMethod" finished-at="2024-08-02T12:35:36 IST" duration-ms="3223" status="PASS">
          <reporter-output>
          </reporter-output>
        </test-method> <!-- afterMethod -->
        <test-method is-config="true" signature="afterClass()[pri:0, instance:com.ShopperStack_TestScripts.Verify_user_is_able_to_Add_Address_or_not_Test@cb0755b]" started-at="2024-08-02T12:35:36 IST" name="afterClass" finished-at="2024-08-02T12:35:39 IST" duration-ms="3257" status="PASS">
          <reporter-output>
          </reporter-output>
        </test-method> <!-- afterClass -->
        <test-method is-config="true" signature="afterTest()[pri:0, instance:com.ShopperStack_TestScripts.Verify_user_is_able_to_Add_Address_or_not_Test@cb0755b]" started-at="2024-08-02T12:35:39 IST" name="afterTest" finished-at="2024-08-02T12:35:39 IST" duration-ms="280" status="PASS">
          <reporter-output>
          </reporter-output>
        </test-method> <!-- afterTest -->
        <test-method is-config="true" signature="afterSuite()[pri:0, instance:com.ShopperStack_TestScripts.Verify_user_is_able_to_Add_Address_or_not_Test@cb0755b]" started-at="2024-08-02T12:35:40 IST" name="afterSuite" finished-at="2024-08-02T12:35:40 IST" duration-ms="1" status="PASS">
          <reporter-output>
          </reporter-output>
        </test-method> <!-- afterSuite -->
      </class> <!-- com.ShopperStack_TestScripts.Verify_user_is_able_to_Add_Address_or_not_Test -->
    </test> <!-- Default test -->
  </suite> <!-- Default suite -->
</testng-results>
