<?xml version="1.0" encoding="UTF-8"?>
<testng-results ignored="0" total="1" passed="1" failed="0" skipped="0">
  <reporter-output>
  </reporter-output>
  <suite started-at="2024-08-02T12:49:34 IST" name="Default suite" finished-at="2024-08-02T12:50:11 IST" duration-ms="36766">
    <groups>
    </groups>
    <test started-at="2024-08-02T12:49:34 IST" name="Default test" finished-at="2024-08-02T12:50:11 IST" duration-ms="36766">
      <class name="com.ShopperStack_TestScripts.Verify_user_is_able_to_delete_address_or_not_Test">
        <test-method is-config="true" signature="beforeSuite()[pri:0, instance:com.ShopperStack_TestScripts.Verify_user_is_able_to_delete_address_or_not_Test@3a7442c7]" started-at="2024-08-02T12:49:34 IST" name="beforeSuite" finished-at="2024-08-02T12:49:34 IST" duration-ms="10" status="PASS">
          <reporter-output>
          </reporter-output>
        </test-method> <!-- beforeSuite -->
        <test-method is-config="true" signature="beforeTest()[pri:0, instance:com.ShopperStack_TestScripts.Verify_user_is_able_to_delete_address_or_not_Test@3a7442c7]" started-at="2024-08-02T12:49:34 IST" name="beforeTest" finished-at="2024-08-02T12:49:34 IST" duration-ms="237" status="PASS">
          <reporter-output>
          </reporter-output>
        </test-method> <!-- beforeTest -->
        <test-method is-config="true" signature="beforeClass()[pri:0, instance:com.ShopperStack_TestScripts.Verify_user_is_able_to_delete_address_or_not_Test@3a7442c7]" started-at="2024-08-02T12:49:34 IST" name="beforeClass" finished-at="2024-08-02T12:49:39 IST" duration-ms="4674" status="PASS">
          <reporter-output>
          </reporter-output>
        </test-method> <!-- beforeClass -->
        <test-method is-config="true" signature="beforeMethod()[pri:0, instance:com.ShopperStack_TestScripts.Verify_user_is_able_to_delete_address_or_not_Test@3a7442c7]" started-at="2024-08-02T12:49:39 IST" name="beforeMethod" finished-at="2024-08-02T12:49:54 IST" duration-ms="15551" status="PASS">
          <reporter-output>
          </reporter-output>
        </test-method> <!-- beforeMethod -->
        <test-method signature="deleteAddress()[pri:0, instance:com.ShopperStack_TestScripts.Verify_user_is_able_to_delete_address_or_not_Test@3a7442c7]" started-at="2024-08-02T12:49:54 IST" name="deleteAddress" finished-at="2024-08-02T12:50:04 IST" duration-ms="9448" status="PASS">
          <reporter-output>
          </reporter-output>
        </test-method> <!-- deleteAddress -->
        <test-method is-config="true" signature="afterMethod()[pri:0, instance:com.ShopperStack_TestScripts.Verify_user_is_able_to_delete_address_or_not_Test@3a7442c7]" started-at="2024-08-02T12:50:04 IST" name="afterMethod" finished-at="2024-08-02T12:50:07 IST" duration-ms="3274" status="PASS">
          <reporter-output>
          </reporter-output>
        </test-method> <!-- afterMethod -->
        <test-method is-config="true" signature="afterClass()[pri:0, instance:com.ShopperStack_TestScripts.Verify_user_is_able_to_delete_address_or_not_Test@3a7442c7]" started-at="2024-08-02T12:50:07 IST" name="afterClass" finished-at="2024-08-02T12:50:10 IST" duration-ms="3248" status="PASS">
          <reporter-output>
          </reporter-output>
        </test-method> <!-- afterClass -->
        <test-method is-config="true" signature="afterTest()[pri:0, instance:com.ShopperStack_TestScripts.Verify_user_is_able_to_delete_address_or_not_Test@3a7442c7]" started-at="2024-08-02T12:50:10 IST" name="afterTest" finished-at="2024-08-02T12:50:11 IST" duration-ms="296" status="PASS">
          <reporter-output>
          </reporter-output>
        </test-method> <!-- afterTest -->
        <test-method is-config="true" signature="afterSuite()[pri:0, instance:com.ShopperStack_TestScripts.Verify_user_is_able_to_delete_address_or_not_Test@3a7442c7]" started-at="2024-08-02T12:50:11 IST" name="afterSuite" finished-at="2024-08-02T12:50:11 IST" duration-ms="1" status="PASS">
          <reporter-output>
          </reporter-output>
        </test-method> <!-- afterSuite -->
      </class> <!-- com.ShopperStack_TestScripts.Verify_user_is_able_to_delete_address_or_not_Test -->
    </test> <!-- Default test -->
  </suite> <!-- Default suite -->
</testng-results>
